<?xml version="1.0" encoding="UTF-8"?>
<!-- Generated by org.testng.reporters.JUnitReportReporter -->
<testsuite hostname="Amit-Meta" failures="0" tests="1" name="Test.MakemyTrip" time="1.405" errors="0" timestamp="2024-03-18T00:22:12 IST" skipped="0">
  <testcase classname="Test.MakemyTrip" name="test" time="1.405"/>
</testsuite> <!-- Test.MakemyTrip -->
