<?xml version="1.0" encoding="UTF-8"?>
<!-- Generated by org.testng.reporters.JUnitReportReporter -->
<testsuite hostname="Amit-Meta" failures="0" tests="1" name="Test.MakemyTrip" time="1.455" errors="0" timestamp="2024-03-17T13:57:43 IST" skipped="0">
  <testcase classname="Test.MakemyTrip" name="test" time="1.455"/>
  <system-out/>
</testsuite> <!-- Test.MakemyTrip -->
